# JRE version: Java(TM) SE Runtime Environment (9.0+11) (build 9.0.4+11)
# Java VM: Java HotSpot(TM) 64-Bit Server VM (9.0.4+11, mixed mode, tiered, compressed oops, g1 gc, windows-amd64)
Heap:
 garbage-first heap   total 294912K, used 112671K [0x0000000700000000, 0x0000000700100900, 0x00000007c0000000)
  region size 1024K, 6 young (6144K), 1 survivors (1024K)
 Metaspace       used 87820K, capacity 90487K, committed 94720K, reserved 1130496K
  class space    used 11359K, capacity 11888K, committed 12800K, reserved 1048576K
GC Heap History (10 events):
Event: 21403.213 GC heap before
{Heap before GC invocations=2728 (full 122):
 garbage-first heap   total 294912K, used 168776K [0x0000000700000000, 0x0000000700100900, 0x00000007c0000000)
  region size 1024K, 61 young (62464K), 2 survivors (2048K)
 Metaspace       used 87811K, capacity 90487K, committed 94720K, reserved 1130496K
  class space    used 11359K, capacity 11888K, committed 12800K, reserved 1048576K
}
Event: 21403.219 GC heap after
{Heap after GC invocations=2729 (full 122):
 garbage-first heap   total 294912K, used 108798K [0x0000000700000000, 0x0000000700100900, 0x00000007c0000000)
  region size 1024K, 1 young (1024K), 1 survivors (1024K)
 Metaspace       used 87811K, capacity 90487K, committed 94720K, reserved 1130496K
  class space    used 11359K, capacity 11888K, committed 12800K, reserved 1048576K
}
Event: 21406.879 GC heap before
{Heap before GC invocations=2729 (full 122):
 garbage-first heap   total 294912K, used 169214K [0x0000000700000000, 0x0000000700100900, 0x00000007c0000000)
  region size 1024K, 60 young (61440K), 1 survivors (1024K)
 Metaspace       used 87813K, capacity 90487K, committed 94720K, reserved 1130496K
  class space    used 11359K, capacity 11888K, committed 12800K, reserved 1048576K
}
Event: 21406.888 GC heap after
{Heap after GC invocations=2730 (full 122):
 garbage-first heap   total 294912K, used 108721K [0x0000000700000000, 0x0000000700100900, 0x00000007c0000000)
  region size 1024K, 1 young (1024K), 1 survivors (1024K)
 Metaspace       used 87813K, capacity 90487K, committed 94720K, reserved 1130496K
  class space    used 11359K, capacity 11888K, committed 12800K, reserved 1048576K
}
Event: 21407.014 GC heap before
{Heap before GC invocations=2730 (full 122):
 garbage-first heap   total 294912K, used 135345K [0x0000000700000000, 0x0000000700100900, 0x00000007c0000000)
  region size 1024K, 23 young (23552K), 1 survivors (1024K)
 Metaspace       used 87813K, capacity 90487K, committed 94720K, reserved 1130496K
  class space    used 11359K, capacity 11888K, committed 12800K, reserved 1048576K
}
Event: 21407.336 GC heap after
{Heap after GC invocations=2731 (full 123):
 garbage-first heap   total 294912K, used 107884K [0x0000000700000000, 0x0000000700100900, 0x00000007c0000000)
  region size 1024K, 0 young (0K), 0 survivors (0K)
 Metaspace       used 87813K, capacity 90487K, committed 94720K, reserved 1130496K
  class space    used 11359K, capacity 11888K, committed 12800K, reserved 1048576K
}
Event: 21408.123 GC heap before
{Heap before GC invocations=2731 (full 123):
 garbage-first heap   total 294912K, used 169324K [0x0000000700000000, 0x0000000700100900, 0x00000007c0000000)
  region size 1024K, 60 young (61440K), 0 survivors (0K)
 Metaspace       used 87815K, capacity 90487K, committed 94720K, reserved 1130496K
  class space    used 11359K, capacity 11888K, committed 12800K, reserved 1048576K
}
Event: 21408.130 GC heap after
{Heap after GC invocations=2732 (full 123):
 garbage-first heap   total 294912K, used 108347K [0x0000000700000000, 0x0000000700100900, 0x00000007c0000000)
  region size 1024K, 1 young (1024K), 1 survivors (1024K)
 Metaspace       used 87815K, capacity 90487K, committed 94720K, reserved 1130496K
  class space    used 11359K, capacity 11888K, committed 12800K, reserved 1048576K
}
Event: 21414.794 GC heap before
{Heap before GC invocations=2732 (full 123):
 garbage-first heap   total 294912K, used 168763K [0x0000000700000000, 0x0000000700100900, 0x00000007c0000000)
  region size 1024K, 60 young (61440K), 1 survivors (1024K)
 Metaspace       used 87820K, capacity 90487K, committed 94720K, reserved 1130496K
  class space    used 11359K, capacity 11888K, committed 12800K, reserved 1048576K
}
Event: 21414.801 GC heap after
{Heap after GC invocations=2733 (full 123):
 garbage-first heap   total 294912K, used 108575K [0x0000000700000000, 0x0000000700100900, 0x00000007c0000000)
  region size 1024K, 1 young (1024K), 1 survivors (1024K)
 Metaspace       used 87820K, capacity 90487K, committed 94720K, reserved 1130496K
  class space    used 11359K, capacity 11888K, committed 12800K, reserved 1048576K
}

